<?xml version="1.0" encoding="UTF-8"?>
<testng-results ignored="0" total="1" passed="1" failed="0" skipped="0">
  <reporter-output>
  </reporter-output>
  <suite started-at="2023-08-16T16:06:01 IST" name="Default suite" finished-at="2023-08-16T16:06:17 IST" duration-ms="15827">
    <groups>
    </groups>
    <test started-at="2023-08-16T16:06:01 IST" name="Default test" finished-at="2023-08-16T16:06:17 IST" duration-ms="15827">
      <class name="webtables.Webtable">
        <test-method signature="webtable1()[pri:0, instance:webtables.Webtable@3e694b3f]" started-at="2023-08-16T16:06:01 IST" name="webtable1" finished-at="2023-08-16T16:06:17 IST" duration-ms="15659" status="PASS">
          <reporter-output>
          </reporter-output>
        </test-method> <!-- webtable1 -->
      </class> <!-- webtables.Webtable -->
    </test> <!-- Default test -->
  </suite> <!-- Default suite -->
</testng-results>
